#
# There is insufficient memory for the Java Runtime Environment to continue.
# Native memory allocation (malloc) failed to allocate 32744 bytes for ChunkPool::allocate
# Possible reasons:
#   The system is out of physical RAM or swap space
#   The process is running with CompressedOops enabled, and the Java Heap may be blocking the growth of the native heap
# Possible solutions:
#   Reduce memory load on the system
#   Increase physical memory or swap space
#   Check if swap backing store is full
#   Decrease Java heap size (-Xmx/-Xms)
#   Decrease number of Java threads
#   Decrease Java thread stack sizes (-Xss)
#   Set larger code cache with -XX:ReservedCodeCacheSize=
#   JVM is running with Unscaled Compressed Oops mode in which the Java heap is
#     placed in the first 4GB address space. The Java Heap base address is the
#     maximum limit for the native heap growth. Please use -XX:HeapBaseMinAddress
#     to set the Java Heap base and to place the Java Heap above 4GB virtual address.
# This output file may be truncated or incomplete.
#
#  Out of Memory Error (allocation.cpp:272), pid=14420, tid=0x00000000000056c0
#
# JRE version: Java(TM) SE Runtime Environment (8.0_202-b08) (build 1.8.0_202-b08)
# Java VM: Java HotSpot(TM) 64-Bit Server VM (25.202-b08 mixed mode windows-amd64 compressed oops)
# Failed to write core dump. Minidumps are not enabled by default on client versions of Windows
#

---------------  T H R E A D  ---------------

Current thread (0x0000000016288800):  JavaThread "C2 CompilerThread1" daemon [_thread_in_native, id=22208, stack(0x0000000016bc0000,0x0000000016cc0000)]

Stack: [0x0000000016bc0000,0x0000000016cc0000]
[error occurred during error reporting (printing stack bounds), id 0xc0000005]

Native frames: (J=compiled Java code, j=interpreted, Vv=VM code, C=native code)


Current CompileTask:
C2:  11102 2427  s    4       sun.misc.URLClassPath::getNextLoader (88 bytes)


---------------  P R O C E S S  ---------------

Java Threads: ( => current thread )
  0x000000001955c000 JavaThread "pool-1-thread-1" daemon [_thread_blocked, id=6580, stack(0x000000001bae0000,0x000000001bbe0000)]
  0x0000000018478800 JavaThread "RunLevelControllerThread-1697975120215" daemon [_thread_blocked, id=9440, stack(0x000000001b8e0000,0x000000001b9e0000)]
  0x0000000018478000 JavaThread "RunLevelControllerThread-1697975120215" daemon [_thread_blocked, id=23040, stack(0x000000001b7e0000,0x000000001b8e0000)]
  0x000000001a419800 JavaThread "RunLevelControllerThread-1697975120211" daemon [_thread_blocked, id=14388, stack(0x000000001b6e0000,0x000000001b7e0000)]
  0x00000000164fa000 JavaThread "RunLevelControllerThread-1697975120210" daemon [_thread_blocked, id=20876, stack(0x000000001b5e0000,0x000000001b6e0000)]
  0x000000001a2d8000 JavaThread "Timer-0" daemon [_thread_blocked, id=10144, stack(0x000000001b370000,0x000000001b470000)]
  0x00000000189bb800 JavaThread "FelixStartLevel" daemon [_thread_blocked, id=23280, stack(0x00000000178c0000,0x00000000179c0000)]
  0x0000000017286000 JavaThread "FelixDispatchQueue" daemon [_thread_blocked, id=13668, stack(0x0000000017d00000,0x0000000017e00000)]
  0x00000000162ad800 JavaThread "Service Thread" daemon [_thread_blocked, id=18984, stack(0x0000000016ec0000,0x0000000016fc0000)]
  0x000000001628f000 JavaThread "C1 CompilerThread3" daemon [_thread_blocked, id=15132, stack(0x0000000016dc0000,0x0000000016ec0000)]
  0x0000000016289000 JavaThread "C2 CompilerThread2" daemon [_thread_in_native, id=23244, stack(0x0000000016cc0000,0x0000000016dc0000)]
=>0x0000000016288800 JavaThread "C2 CompilerThread1" daemon [_thread_in_native, id=22208, stack(0x0000000016bc0000,0x0000000016cc0000)]
  0x0000000016287800 JavaThread "C2 CompilerThread0" daemon [_thread_in_native, id=19660, stack(0x0000000016ac0000,0x0000000016bc0000)]
  0x00000000161b1000 JavaThread "Attach Listener" daemon [_thread_blocked, id=7372, stack(0x00000000169c0000,0x0000000016ac0000)]
  0x00000000161b0000 JavaThread "Signal Dispatcher" daemon [_thread_blocked, id=22248, stack(0x00000000168c0000,0x00000000169c0000)]
  0x00000000143a1800 JavaThread "Finalizer" daemon [_thread_blocked, id=11796, stack(0x0000000016680000,0x0000000016780000)]
  0x00000000161a0800 JavaThread "Reference Handler" daemon [_thread_blocked, id=18796, stack(0x0000000016580000,0x0000000016680000)]
  0x0000000002ae6800 JavaThread "main" [_thread_blocked, id=2956, stack(0x00000000028e0000,0x00000000029e0000)]

Other Threads:
  0x0000000002bde000 VMThread [stack: 0x0000000016080000,0x0000000016180000] [id=23168]
  0x00000000162ae800 WatcherThread [stack: 0x0000000016fc0000,0x00000000170c0000] [id=9268]

VM state:at safepoint (normal execution)

VM Mutex/Monitor currently owned by a thread:  ([mutex/lock_event])
[0x0000000002ae2f50] Threads_lock - owner thread: 0x0000000002bde000
[0x0000000002ae49e0] Heap_lock - owner thread: 0x0000000018478800

heap address: 0x00000000e0000000, size: 512 MB, Compressed Oops mode: 32-bit
Narrow klass base: 0x0000000000000000, Narrow klass shift: 3
Compressed class space size: 1073741824 Address: 0x0000000100000000

Heap:
 PSYoungGen      total 75776K, used 54527K [0x00000000f5580000, 0x00000000faa00000, 0x0000000100000000)
  eden space 65024K, 67% used [0x00000000f5580000,0x00000000f80452f8,0x00000000f9500000)
  from space 10752K, 99% used [0x00000000f9f80000,0x00000000fa9fac78,0x00000000faa00000)
  to   space 10752K, 9% used [0x00000000f9500000,0x00000000f9606d78,0x00000000f9f80000)
 ParOldGen       total 173568K, used 9805K [0x00000000e0000000, 0x00000000ea980000, 0x00000000f5580000)
  object space 173568K, 5% used [0x00000000e0000000,0x00000000e0993738,0x00000000ea980000)
 Metaspace       used 14801K, capacity 16433K, committed 16640K, reserved 1064960K
  class space    used 1661K, capacity 2048K, committed 2048K, reserved 1048576K

Card table byte_map: [0x0000000011fa0000,0x00000000120b0000] byte_map_base: 0x00000000118a0000

Marking Bits: (ParMarkBitMap*) 0x00000000766f5ce0
 Begin Bits: [0x00000000128b0000, 0x00000000130b0000)
 End Bits:   [0x00000000130b0000, 0x00000000138b0000)

Polling page: 0x0000000000f50000

CodeCache: size=245760Kb used=8562Kb max_used=9131Kb free=237197Kb
 bounds [0x0000000002be0000, 0x00000000034e0000, 0x0000000011be0000]
 total_blobs=2596 nmethods=2230 adapters=278
 compilation: enabled

Compilation events (10 events):
Event: 11.088 Thread 0x000000001628f000 nmethod 2426 0x0000000002d06110 code [0x0000000002d06280, 0x0000000002d064a8]
Event: 11.090 Thread 0x000000001628f000 2428       3       org.apache.felix.framework.ServiceRegistrationImpl$ServiceReferenceImpl::getProperty (9 bytes)
Event: 11.090 Thread 0x0000000016289000 nmethod 2419 0x0000000002d100d0 code [0x0000000002d10260, 0x0000000002d10b98]
Event: 11.090 Thread 0x000000001628f000 nmethod 2428 0x0000000002d24650 code [0x0000000002d247c0, 0x0000000002d24a48]
Event: 11.093 Thread 0x0000000016289000 2429       4       java.lang.String::lastIndexOf (13 bytes)
Event: 11.094 Thread 0x000000001628f000 2430       3       java.lang.String::lastIndexOf (151 bytes)
Event: 11.095 Thread 0x0000000016289000 nmethod 2429 0x0000000002d51110 code [0x0000000002d51240, 0x0000000002d51398]
Event: 11.095 Thread 0x000000001628f000 nmethod 2430 0x0000000002dce5d0 code [0x0000000002dce780, 0x0000000002dcecd0]
Event: 11.095 Thread 0x0000000016289000 2431   !   4       sun.misc.URLClassPath$JarLoader::getResource (85 bytes)
Event: 11.096 Thread 0x000000001628f000 2432   !   3       org.apache.felix.framework.URLHandlers::getFrameworkFromContext (334 bytes)

GC Heap History (4 events):
Event: 0.671 GC heap before
{Heap before GC invocations=1 (full 0):
 PSYoungGen      total 75776K, used 65024K [0x00000000f5580000, 0x00000000faa00000, 0x0000000100000000)
  eden space 65024K, 100% used [0x00000000f5580000,0x00000000f9500000,0x00000000f9500000)
  from space 10752K, 0% used [0x00000000f9f80000,0x00000000f9f80000,0x00000000faa00000)
  to   space 10752K, 0% used [0x00000000f9500000,0x00000000f9500000,0x00000000f9f80000)
 ParOldGen       total 173568K, used 0K [0x00000000e0000000, 0x00000000ea980000, 0x00000000f5580000)
  object space 173568K, 0% used [0x00000000e0000000,0x00000000e0000000,0x00000000ea980000)
 Metaspace       used 6798K, capacity 7048K, committed 7296K, reserved 1056768K
  class space    used 726K, capacity 840K, committed 896K, reserved 1048576K
Event: 0.678 GC heap after
Heap after GC invocations=1 (full 0):
 PSYoungGen      total 75776K, used 10746K [0x00000000f5580000, 0x00000000faa00000, 0x0000000100000000)
  eden space 65024K, 0% used [0x00000000f5580000,0x00000000f5580000,0x00000000f9500000)
  from space 10752K, 99% used [0x00000000f9500000,0x00000000f9f7eaa8,0x00000000f9f80000)
  to   space 10752K, 0% used [0x00000000f9f80000,0x00000000f9f80000,0x00000000faa00000)
 ParOldGen       total 173568K, used 2279K [0x00000000e0000000, 0x00000000ea980000, 0x00000000f5580000)
  object space 173568K, 1% used [0x00000000e0000000,0x00000000e0239d78,0x00000000ea980000)
 Metaspace       used 6798K, capacity 7048K, committed 7296K, reserved 1056768K
  class space    used 726K, capacity 840K, committed 896K, reserved 1048576K
}
Event: 6.086 GC heap before
{Heap before GC invocations=2 (full 0):
 PSYoungGen      total 75776K, used 75770K [0x00000000f5580000, 0x00000000faa00000, 0x0000000100000000)
  eden space 65024K, 100% used [0x00000000f5580000,0x00000000f9500000,0x00000000f9500000)
  from space 10752K, 99% used [0x00000000f9500000,0x00000000f9f7eaa8,0x00000000f9f80000)
  to   space 10752K, 0% used [0x00000000f9f80000,0x00000000f9f80000,0x00000000faa00000)
 ParOldGen       total 173568K, used 2279K [0x00000000e0000000, 0x00000000ea980000, 0x00000000f5580000)
  object space 173568K, 1% used [0x00000000e0000000,0x00000000e0239d78,0x00000000ea980000)
 Metaspace       used 11937K, capacity 13014K, committed 13184K, reserved 1060864K
  class space    used 1336K, capacity 1617K, committed 1664K, reserved 1048576K
Event: 6.093 GC heap after
Heap after GC invocations=2 (full 0):
 PSYoungGen      total 75776K, used 10731K [0x00000000f5580000, 0x00000000faa00000, 0x0000000100000000)
  eden space 65024K, 0% used [0x00000000f5580000,0x00000000f5580000,0x00000000f9500000)
  from space 10752K, 99% used [0x00000000f9f80000,0x00000000fa9fac78,0x00000000faa00000)
  to   space 10752K, 0% used [0x00000000f9500000,0x00000000f9500000,0x00000000f9f80000)
 ParOldGen       total 173568K, used 9805K [0x00000000e0000000, 0x00000000ea980000, 0x00000000f5580000)
  object space 173568K, 5% used [0x00000000e0000000,0x00000000e0993738,0x00000000ea980000)
 Metaspace       used 11937K, capacity 13014K, committed 13184K, reserved 1060864K
  class space    used 1336K, capacity 1617K, committed 1664K, reserved 1048576K
}

Deoptimization events (10 events):
Event: 10.982 Thread 0x0000000002ae6800 Uncommon trap: reason=unstable_if action=reinterpret pc=0x0000000002fbf078 method=java.net.URI$Parser.scan(IIJJ)I @ 25
Event: 10.983 Thread 0x0000000002ae6800 Uncommon trap: reason=unstable_if action=reinterpret pc=0x0000000002e62f68 method=java.lang.CharacterDataLatin1.digit(II)I @ 31
Event: 10.997 Thread 0x0000000002ae6800 Uncommon trap: reason=unstable_if action=reinterpret pc=0x0000000002f9d470 method=java.lang.String.startsWith(Ljava/lang/String;I)Z @ 25
Event: 11.009 Thread 0x00000000164fa000 Uncommon trap: reason=predicate action=maybe_recompile pc=0x00000000030933c4 method=java.util.TreeMap.put(Ljava/lang/Object;Ljava/lang/Object;)Ljava/lang/Object; @ 58
Event: 11.014 Thread 0x0000000018478000 Uncommon trap: reason=class_check action=maybe_recompile pc=0x0000000003127d80 method=java.lang.ThreadLocal.get()Ljava/lang/Object; @ 6
Event: 11.014 Thread 0x00000000164fa000 Uncommon trap: reason=class_check action=maybe_recompile pc=0x0000000003127d80 method=java.lang.ThreadLocal.get()Ljava/lang/Object; @ 6
Event: 11.014 Thread 0x00000000164fa000 Uncommon trap: reason=class_check action=maybe_recompile pc=0x0000000003127d80 method=java.lang.ThreadLocal.get()Ljava/lang/Object; @ 6
Event: 11.023 Thread 0x0000000018478800 Uncommon trap: reason=class_check action=maybe_recompile pc=0x0000000003127d80 method=java.lang.ThreadLocal.get()Ljava/lang/Object; @ 6
Event: 11.042 Thread 0x000000001a419800 Uncommon trap: reason=unstable_if action=reinterpret pc=0x0000000002d49748 method=java.lang.String.startsWith(Ljava/lang/String;I)Z @ 25
Event: 11.044 Thread 0x0000000018478000 Uncommon trap: reason=unstable_if action=reinterpret pc=0x00000000034b335c method=org.apache.felix.framework.BundleWiringImpl.shouldBootDelegate(Ljava/lang/String;)Z @ 18

Classes redefined (0 events):
No events

Internal exceptions (10 events):
Event: 11.038 Thread 0x000000001a419800 Exception <a 'java/security/PrivilegedActionException'> (0x00000000f7cfdef8) thrown at [C:\re\workspace\8-2-build-windows-amd64-cygwin\jdk8u202\12323\hotspot\src\share\vm\prims\jvm.cpp, line 1502]
Event: 11.040 Thread 0x0000000018478800 Exception <a 'java/security/PrivilegedActionException'> (0x00000000f7d631a0) thrown at [C:\re\workspace\8-2-build-windows-amd64-cygwin\jdk8u202\12323\hotspot\src\share\vm\prims\jvm.cpp, line 1502]
Event: 11.088 Thread 0x000000001a419800 Exception <a 'java/security/PrivilegedActionException'> (0x00000000f7e8b6c0) thrown at [C:\re\workspace\8-2-build-windows-amd64-cygwin\jdk8u202\12323\hotspot\src\share\vm\prims\jvm.cpp, line 1502]
Event: 11.089 Thread 0x0000000018478800 Exception <a 'java/security/PrivilegedActionException'> (0x00000000f7d6f188) thrown at [C:\re\workspace\8-2-build-windows-amd64-cygwin\jdk8u202\12323\hotspot\src\share\vm\prims\jvm.cpp, line 1502]
Event: 11.090 Thread 0x0000000018478000 Exception <a 'java/io/FileNotFoundException'> (0x00000000f7cba008) thrown at [C:\re\workspace\8-2-build-windows-amd64-cygwin\jdk8u202\12323\hotspot\src\share\vm\prims\jni.cpp, line 710]
Event: 11.090 Thread 0x000000001a419800 Exception <a 'java/security/PrivilegedActionException'> (0x00000000f7e98328) thrown at [C:\re\workspace\8-2-build-windows-amd64-cygwin\jdk8u202\12323\hotspot\src\share\vm\prims\jvm.cpp, line 1502]
Event: 11.094 Thread 0x0000000018478800 Exception <a 'java/security/PrivilegedActionException'> (0x00000000f7d7b338) thrown at [C:\re\workspace\8-2-build-windows-amd64-cygwin\jdk8u202\12323\hotspot\src\share\vm\prims\jvm.cpp, line 1502]
Event: 11.094 Thread 0x0000000018478000 Exception <a 'java/security/PrivilegedActionException'> (0x00000000f7f08a00) thrown at [C:\re\workspace\8-2-build-windows-amd64-cygwin\jdk8u202\12323\hotspot\src\share\vm\prims\jvm.cpp, line 1502]
Event: 11.095 Thread 0x0000000018478000 Exception <a 'java/security/PrivilegedActionException'> (0x00000000f7f141a8) thrown at [C:\re\workspace\8-2-build-windows-amd64-cygwin\jdk8u202\12323\hotspot\src\share\vm\prims\jvm.cpp, line 1502]
Event: 11.096 Thread 0x0000000018478000 Exception <a 'java/security/PrivilegedActionException'> (0x00000000f7f1ff08) thrown at [C:\re\workspace\8-2-build-windows-amd64-cygwin\jdk8u202\12323\hotspot\src\share\vm\prims\jvm.cpp, line 1502]

Events (10 events):
Event: 11.097 loading class org/glassfish/flashlight/LogMessages
Event: 11.097 loading class org/glassfish/flashlight/LogMessages done
Event: 11.098 loading class org/glassfish/naming/LogMessages_es
Event: 11.098 loading class org/glassfish/naming/LogMessages_es done
Event: 11.098 loading class org/glassfish/flashlight/LogMessages_es
Event: 11.098 loading class org/glassfish/flashlight/LogMessages_es done
Event: 11.098 loading class org/glassfish/flashlight/LogMessages_es_CO
Event: 11.098 loading class org/glassfish/flashlight/LogMessages_es_CO done
Event: 11.099 loading class org/glassfish/naming/LogMessages_es_CO
Event: 11.099 loading class org/glassfish/naming/LogMessages_es_CO done


Dynamic libraries:
0x00007ff6766b0000 - 0x00007ff6766e7000 	C:\Program Files\Java\jdk1.8.0_202\bin\java.exe
0x00007fffe4b00000 - 0x00007fffe4d09000 	C:\WINDOWS\SYSTEM32\ntdll.dll
0x00007fffe3200000 - 0x00007fffe32be000 	C:\WINDOWS\System32\KERNEL32.DLL
0x00007fffe1f90000 - 0x00007fffe2314000 	C:\WINDOWS\System32\KERNELBASE.dll
0x00007fffe49a0000 - 0x00007fffe4a4f000 	C:\WINDOWS\System32\ADVAPI32.dll
0x00007fffe2fb0000 - 0x00007fffe3053000 	C:\WINDOWS\System32\msvcrt.dll
0x00007fffe2950000 - 0x00007fffe29ee000 	C:\WINDOWS\System32\sechost.dll
0x00007fffe3ac0000 - 0x00007fffe3be1000 	C:\WINDOWS\System32\RPCRT4.dll
0x00007fffe3780000 - 0x00007fffe392d000 	C:\WINDOWS\System32\USER32.dll
0x00007fffe26e0000 - 0x00007fffe2706000 	C:\WINDOWS\System32\win32u.dll
0x00007fffe3a90000 - 0x00007fffe3aba000 	C:\WINDOWS\System32\GDI32.dll
0x00007fffe2830000 - 0x00007fffe294f000 	C:\WINDOWS\System32\gdi32full.dll
0x00007fffe2410000 - 0x00007fffe24ad000 	C:\WINDOWS\System32\msvcp_win.dll
0x00007fffe2710000 - 0x00007fffe2821000 	C:\WINDOWS\System32\ucrtbase.dll
0x00007fffd0460000 - 0x00007fffd0705000 	C:\WINDOWS\WinSxS\amd64_microsoft.windows.common-controls_6595b64144ccf1df_6.0.22000.120_none_9d947278b86cc467\COMCTL32.dll
0x00007fffe3740000 - 0x00007fffe3771000 	C:\WINDOWS\System32\IMM32.DLL
0x0000000075df0000 - 0x0000000075ec2000 	C:\Program Files\Java\jdk1.8.0_202\jre\bin\msvcr100.dll
0x0000000075ed0000 - 0x0000000076775000 	C:\Program Files\Java\jdk1.8.0_202\jre\bin\server\jvm.dll
0x00007fffe2ac0000 - 0x00007fffe2ac8000 	C:\WINDOWS\System32\PSAPI.DLL
0x00007fffd8900000 - 0x00007fffd8909000 	C:\WINDOWS\SYSTEM32\WSOCK32.dll
0x00007fffdc3e0000 - 0x00007fffdc413000 	C:\WINDOWS\SYSTEM32\WINMM.dll
0x00007fffdc1f0000 - 0x00007fffdc1fa000 	C:\WINDOWS\SYSTEM32\VERSION.dll
0x00007fffe2ad0000 - 0x00007fffe2b3f000 	C:\WINDOWS\System32\WS2_32.dll
0x00007fffde9e0000 - 0x00007fffde9ef000 	C:\Program Files\Java\jdk1.8.0_202\jre\bin\verify.dll
0x00007fffde970000 - 0x00007fffde999000 	C:\Program Files\Java\jdk1.8.0_202\jre\bin\java.dll
0x00007fff91a50000 - 0x00007fff91a73000 	C:\Program Files\Java\jdk1.8.0_202\jre\bin\instrument.dll
0x00007fffde9c0000 - 0x00007fffde9d6000 	C:\Program Files\Java\jdk1.8.0_202\jre\bin\zip.dll
0x00007fffe3f80000 - 0x00007fffe4745000 	C:\WINDOWS\System32\SHELL32.dll
0x00007fffdfe50000 - 0x00007fffe06b2000 	C:\WINDOWS\SYSTEM32\windows.storage.dll
0x00007fffe2c30000 - 0x00007fffe2fa6000 	C:\WINDOWS\System32\combase.dll
0x00007fffdfc30000 - 0x00007fffdfd97000 	C:\WINDOWS\SYSTEM32\wintypes.dll
0x00007fffe3930000 - 0x00007fffe3a1a000 	C:\WINDOWS\System32\SHCORE.dll
0x00007fffe3a20000 - 0x00007fffe3a7d000 	C:\WINDOWS\System32\shlwapi.dll
0x00007fffe1ec0000 - 0x00007fffe1ee5000 	C:\WINDOWS\SYSTEM32\profapi.dll
0x00007fffe16f0000 - 0x00007fffe1708000 	C:\WINDOWS\SYSTEM32\CRYPTSP.dll
0x00007fffe0e40000 - 0x00007fffe0e75000 	C:\WINDOWS\system32\rsaenh.dll
0x00007fffe15a0000 - 0x00007fffe15cc000 	C:\WINDOWS\SYSTEM32\USERENV.dll
0x00007fffe18e0000 - 0x00007fffe1907000 	C:\WINDOWS\SYSTEM32\bcrypt.dll
0x00007fffe2320000 - 0x00007fffe239f000 	C:\WINDOWS\System32\bcryptprimitives.dll
0x00007fffe1710000 - 0x00007fffe171c000 	C:\WINDOWS\SYSTEM32\CRYPTBASE.dll
0x00007fffd4c30000 - 0x00007fffd4c4a000 	C:\Program Files\Java\jdk1.8.0_202\jre\bin\net.dll
0x00007fffdb550000 - 0x00007fffdb73f000 	C:\WINDOWS\SYSTEM32\urlmon.dll
0x00007fffdb260000 - 0x00007fffdb51e000 	C:\WINDOWS\SYSTEM32\iertutil.dll
0x00007fffe0af0000 - 0x00007fffe0afc000 	C:\WINDOWS\SYSTEM32\netutils.dll
0x00007fffe0ac0000 - 0x00007fffe0ae9000 	C:\WINDOWS\SYSTEM32\srvcli.dll
0x00007fffe14b0000 - 0x00007fffe1517000 	C:\WINDOWS\system32\mswsock.dll
0x00007fffe0810000 - 0x00007fffe083d000 	C:\WINDOWS\SYSTEM32\IPHLPAPI.DLL
0x00007fffe3a80000 - 0x00007fffe3a89000 	C:\WINDOWS\System32\NSI.dll
0x00007fffdd050000 - 0x00007fffdd069000 	C:\WINDOWS\SYSTEM32\dhcpcsvc6.DLL
0x00007fffdd190000 - 0x00007fffdd1ae000 	C:\WINDOWS\SYSTEM32\dhcpcsvc.DLL
0x00007fffe0840000 - 0x00007fffe0927000 	C:\WINDOWS\SYSTEM32\DNSAPI.dll
0x00007fffd4c10000 - 0x00007fffd4c22000 	C:\Program Files\Java\jdk1.8.0_202\jre\bin\nio.dll
0x00007fffd2a40000 - 0x00007fffd2a57000 	C:\WINDOWS\system32\napinsp.dll
0x00007fffd4880000 - 0x00007fffd489b000 	C:\WINDOWS\system32\pnrpnsp.dll
0x00007fffd0a70000 - 0x00007fffd0a82000 	C:\WINDOWS\System32\winrnr.dll
0x00007fffdb070000 - 0x00007fffdb085000 	C:\WINDOWS\system32\wshbth.dll
0x00007fffd0a50000 - 0x00007fffd0a6f000 	C:\WINDOWS\system32\nlansp_c.dll
0x00007fffdba70000 - 0x00007fffdba7a000 	C:\Windows\System32\rasadhlp.dll
0x00007fffdd1b0000 - 0x00007fffdd232000 	C:\WINDOWS\System32\fwpuclnt.dll

VM Arguments:
jvm_args: -XX:MaxPermSize=192m -Djava.awt.headless=true -Djdk.corba.allowOutputStreamSubclass=true -Djavax.xml.accessExternalSchema=all -Djavax.management.builder.initial=com.sun.enterprise.v3.admin.AppServerMBeanServerBuilder -XX:+UnlockDiagnosticVMOptions -Djava.endorsed.dirs=C:\Users\SENA\Documents\NetBeansProjects\Recursos\glassfish-4.1.2-web\glassfish4\glassfish/modules/endorsed;C:\Users\SENA\Documents\NetBeansProjects\Recursos\glassfish-4.1.2-web\glassfish4\glassfish/lib/endorsed -Djava.security.policy=C:\Users\SENA\Documents\NetBeansProjects\Recursos\glassfish-4.1.2-web\glassfish4\glassfish\domains\domain1/config/server.policy -Djava.security.auth.login.config=C:\Users\SENA\Documents\NetBeansProjects\Recursos\glassfish-4.1.2-web\glassfish4\glassfish\domains\domain1/config/login.conf -Dcom.sun.enterprise.security.httpsOutboundKeyAlias=s1as -Xmx512m -Djavax.net.ssl.keyStore=C:\Users\SENA\Documents\NetBeansProjects\Recursos\glassfish-4.1.2-web\glassfish4\glassfish\domains\domain1/config/keystore.jks -Djavax.net.ssl.trustStore=C:\Users\SENA\Documents\NetBeansProjects\Recursos\glassfish-4.1.2-web\glassfish4\glassfish\domains\domain1/config/cacerts.jks -Djava.ext.dirs=C:\Program Files\Java\jdk1.8.0_202/lib/ext;C:\Program Files\Java\jdk1.8.0_202/jre/lib/ext;C:\Users\SENA\Documents\NetBeansProjects\Recursos\glassfish-4.1.2-web\glassfish4\glassfish\domains\domain1/lib/ext -Djdbc.drivers=org.apache.derby.jdbc.ClientDriver -DANTLR_USE_DIRECT_CLASS_LOADING=true -Dcom.sun.enterprise.config.config_environment_factory_class=com.sun.enterprise.config.serverbeans.AppserverConfigEnvironmentFactory -Dorg.glassfish.additionalOSGiBundlesToStart=org.apache.felix.shell,org.apache.felix.gogo.runtime,org.apache.felix.gogo.shell,org.apache.felix.gogo.command,org.apache.felix.shell.remote,org.apache.felix.fileinstall -Dosgi.shell.telnet.port=6666 -Dosgi.shell.telnet.maxconn=1 -Dosgi.shell.telnet.ip=127.0.0.1 -Dgosh.args=--nointeractive -Dfelix.fileinstall.dir=C:\Users\SENA\Documents\NetBeansProjects\Recursos\glassfish-4.1.2-web\glassfish4\glassfish/modules/autostart/ -Dfelix.fileinstall.poll=5000 -Dfelix.fileinstall.log.level=2 -Dfelix.fileinstall.bundles.new.start=true -Dfelix.fileinstall.bundles.startTransient=true -Dfelix.fileinstall.disableConfigSave=false -XX:NewRatio=2 -Dcom.ctc.wstx.returnNullForDefaultNamespace=true -javaagent:C:\Users\SENA\Documents\NetBeansProjects\Recursos\glassfish-4.1.2-web\glassfish4\glassfish\lib\monitor\flashlight-agent.jar -Dcom.sun.aas.derbyRoot=C:\Users\SENA\Documents\NetBeansProjects\Recursos\glassfish-4.1.2-web\glassfish4\javadb -Dcom.sun.aas.instanceRoot=C:\Users\SENA\Documents\NetBeansProjects\Recursos\glassfish-4.1.2-web\glassfish4\glassfish\domains\domain1 -Dcom.sun.aas.installRoot=C:\Users\SENA\Documents\NetBeansProjects\Recursos\glassfish-4.1.2-web\glassfish4\glassfish -Dcom.sun.aas.javaRoot=C:\Program Files\Java\jdk1.8.0_202 
java_command: com.sun.enterprise.glassfish.bootstrap.ASMain --domain domain1 --domaindir C:\Users\SENA\Documents\NetBeansProjects\Recursos\glassfish-4.1.2-web\glassfish4\glassfish\domains\domain1
java_class_path (initial): C:\Users\SENA\Documents\NetBeansProjects\Recursos\glassfish-4.1.2-web\glassfish4\glassfish\modules\glassfish.jar;C:\Users\SENA\Documents\NetBeansProjects\Recursos\glassfish-4.1.2-web\glassfish4\glassfish\lib\monitor\flashlight-agent.jar
Launcher Type: SUN_STANDARD

Environment Variables:
JAVA_HOME=C:\Program Files\Java\jdk1.8.0_202
PATH=C:\Program Files (x86)\Common Files\Oracle\Java\javapath;C:\Program Files\Microsoft\jdk-11.0.16.101-hotspot\bin;C:\WINDOWS\system32;C:\WINDOWS;C:\WINDOWS\System32\Wbem;C:\WINDOWS\System32\WindowsPowerShell\v1.0\;C:\WINDOWS\System32\OpenSSH\;C:\xampp\php;C:\Program Files\nodejs\;C:\Program Files\Microsoft SQL Server\150\Tools\Binn\;C:\xampp1\php;C:\ProgramData\ComposerSetup\bin;C:\Program Files\dotnet\;C:\Program Files\Microsoft SQL Server\Client SDK\ODBC\170\Tools\Binn\;C:\Program Files\Git\cmd;C:\dev\flutter\bin;C:\xampp2\php;C:\Program Files (x86)\Microsoft SQL Server\160\DTS\Binn\;C:\Program Files\Azure Data Studio\bin;C:\Users\SENA\AppData\Local\Programs\Python\Python310\Scripts\;C:\Users\SENA\AppData\Local\Programs\Python\Python310\;C:\Program Files\MySQL\MySQL Shell 8.0\bin\;C:\Users\SENA\AppData\Local\Microsoft\WindowsApps;C:\xampp\php;C:\Users\SENA\AppData\Roaming\npm;C:\Users\SENA\AppData\Roaming\Composer\vendor\bin;C:\Users\SENA\.dotnet\tools;C:\dev\flutter\bin;C:\Users\SENA\AppData\Local\GitHubDesktop\bin;C:\Program Files\Azure Data Studio\bin;C:\Users\SENA\AppData\Local\Programs\Microsoft VS Code\bin
USERNAME=SENA
OS=Windows_NT
PROCESSOR_IDENTIFIER=Intel64 Family 6 Model 158 Stepping 13, GenuineIntel



---------------  S Y S T E M  ---------------

OS: Windows 10.0 , 64 bit Build 22000 (10.0.22000.2124)

CPU:total 8 (initial active 8) (8 cores per cpu, 1 threads per core) family 6 model 158 stepping 13, cmov, cx8, fxsr, mmx, sse, sse2, sse3, ssse3, sse4.1, sse4.2, popcnt, avx, avx2, aes, clmul, erms, 3dnowpref, lzcnt, tsc, tscinvbit, bmi1, bmi2, adx

Memory: 4k page, physical 16570172k(2841328k free), swap 16570172k(4916k free)

vm_info: Java HotSpot(TM) 64-Bit Server VM (25.202-b08) for windows-amd64 JRE (1.8.0_202-b08), built on Dec 15 2018 19:54:30 by "java_re" with MS VC++ 10.0 (VS2010)

time: Sun Oct 22 06:45:20 2023
timezone: Hora est. Pacífico, Sudamérica
elapsed time: 11 seconds (0d 0h 0m 11s)

