#
# There is insufficient memory for the Java Runtime Environment to continue.
# Native memory allocation (malloc) failed to allocate 1299136 bytes for Chunk::new
# Possible reasons:
#   The system is out of physical RAM or swap space
#   The process is running with CompressedOops enabled, and the Java Heap may be blocking the growth of the native heap
# Possible solutions:
#   Reduce memory load on the system
#   Increase physical memory or swap space
#   Check if swap backing store is full
#   Decrease Java heap size (-Xmx/-Xms)
#   Decrease number of Java threads
#   Decrease Java thread stack sizes (-Xss)
#   Set larger code cache with -XX:ReservedCodeCacheSize=
#   JVM is running with Unscaled Compressed Oops mode in which the Java heap is
#     placed in the first 4GB address space. The Java Heap base address is the
#     maximum limit for the native heap growth. Please use -XX:HeapBaseMinAddress
#     to set the Java Heap base and to place the Java Heap above 4GB virtual address.
# This output file may be truncated or incomplete.
#
#  Out of Memory Error (allocation.cpp:389), pid=25044, tid=0x00000000000062fc
#
# JRE version: Java(TM) SE Runtime Environment (8.0_202-b08) (build 1.8.0_202-b08)
# Java VM: Java HotSpot(TM) 64-Bit Server VM (25.202-b08 mixed mode windows-amd64 compressed oops)
# Failed to write core dump. Minidumps are not enabled by default on client versions of Windows
#

---------------  T H R E A D  ---------------

Current thread (0x00000000168ca000):  JavaThread "C2 CompilerThread1" daemon [_thread_in_native, id=25340, stack(0x00000000171f0000,0x00000000172f0000)]

Stack: [0x00000000171f0000,0x00000000172f0000]
[error occurred during error reporting (printing stack bounds), id 0xc0000005]

Native frames: (J=compiled Java code, j=interpreted, Vv=VM code, C=native code)


Current CompileTask:
C2:  15139 7270       4       org.apache.felix.framework.resolver.ResolverImpl::calculatePackageSpaces (1083 bytes)


---------------  P R O C E S S  ---------------

Java Threads: ( => current thread )
  0x0000000026fac000 JavaThread "admin-listener(7)" daemon [_thread_blocked, id=25696, stack(0x0000000029050000,0x0000000029150000)]
  0x0000000026fb0800 JavaThread "admin-listener(6)" daemon [_thread_blocked, id=25692, stack(0x0000000028300000,0x0000000028400000)]
  0x0000000026faf800 JavaThread "pool-25-thread-1" [_thread_blocked, id=25608, stack(0x0000000028600000,0x0000000028700000)]
  0x000000001ae72000 JavaThread "pool-24-thread-1" [_thread_blocked, id=25612, stack(0x0000000028500000,0x0000000028600000)]
  0x000000001cd70000 JavaThread "SCR Component Actor" daemon [_thread_blocked, id=24016, stack(0x0000000028400000,0x0000000028500000)]
  0x000000001c578000 JavaThread "fileinstall-C:\Users\SENA\Documents\NetBeansProjects\Recursos\glassfish-4.1.2-web\glassfish4\glassfish\domains\domain1/autodeploy/bundles/" daemon [_thread_blocked, id=25668, stack(0x0000000028000000,0x0000000028100000)]
  0x000000001c576000 JavaThread "Configuration Updater" daemon [_thread_blocked, id=25660, stack(0x0000000027f00000,0x0000000028000000)]
  0x000000001c574800 JavaThread "DestroyJavaVM" [_thread_blocked, id=7156, stack(0x0000000002e10000,0x0000000002f10000)]
  0x000000001c57b000 JavaThread "GlassFish Kernel Main Thread" [_thread_blocked, id=25656, stack(0x0000000027e00000,0x0000000027f00000)]
  0x000000001c575000 JavaThread "Keep-Alive-Timer" daemon [_thread_blocked, id=25652, stack(0x0000000026830000,0x0000000026930000)]
  0x000000001c57a800 JavaThread "log-rotation-timer" daemon [_thread_blocked, id=26620, stack(0x0000000024df0000,0x0000000024ef0000)]
  0x000000001c579800 JavaThread "pool-21-thread-1" daemon [_thread_blocked, id=26608, stack(0x00000000259f0000,0x0000000025af0000)]
  0x000000001d43e800 JavaThread "ContainerBackgroundProcessor[StandardEngine[glassfish-web].StandardHost[__asadmin].StandardContext[]]" daemon [_thread_blocked, id=26604, stack(0x00000000254f0000,0x00000000255f0000)]
  0x000000001ae7b000 JavaThread "Timer-1" daemon [_thread_blocked, id=26552, stack(0x0000000023cc0000,0x0000000023dc0000)]
  0x000000001ae74800 JavaThread "RMI TCP Connection(2)-192.168.56.1" daemon [_thread_in_native, id=26504, stack(0x0000000025d30000,0x0000000025e30000)]
  0x000000001ae71800 JavaThread "RMI RenewClean-[192.168.56.1:8686]" daemon [_thread_blocked, id=26500, stack(0x0000000025c30000,0x0000000025d30000)]
  0x000000001ae75000 JavaThread "RMI Scheduler(0)" daemon [_thread_blocked, id=26496, stack(0x0000000025b30000,0x0000000025c30000)]
  0x000000001ae76000 JavaThread "RMI TCP Connection(1)-192.168.56.1" daemon [_thread_in_native, id=26492, stack(0x00000000256c0000,0x00000000257c0000)]
  0x000000001b448000 JavaThread "GC Daemon" daemon [_thread_blocked, id=26488, stack(0x00000000258f0000,0x00000000259f0000)]
  0x000000001b447000 JavaThread "RMI Reaper" [_thread_blocked, id=26484, stack(0x00000000257f0000,0x00000000258f0000)]
  0x000000001b443800 JavaThread "deployment-jar-scanner" daemon [_thread_blocked, id=26472, stack(0x00000000253f0000,0x00000000254f0000)]
  0x000000001b446800 JavaThread "deployment-jar-scanner" daemon [_thread_blocked, id=26464, stack(0x00000000252f0000,0x00000000253f0000)]
  0x000000001b449800 JavaThread "deployment-jar-scanner" daemon [_thread_blocked, id=26460, stack(0x00000000251f0000,0x00000000252f0000)]
  0x000000001b445800 JavaThread "deployment-jar-scanner" daemon [_thread_blocked, id=26456, stack(0x00000000250f0000,0x00000000251f0000)]
  0x000000001b445000 JavaThread "deployment-jar-scanner" daemon [_thread_blocked, id=26452, stack(0x0000000024ff0000,0x00000000250f0000)]
  0x000000001b448800 JavaThread "deployment-jar-scanner" daemon [_thread_blocked, id=26440, stack(0x0000000024ef0000,0x0000000024ff0000)]
  0x000000001cd6e800 JavaThread "Force REST Module Load Thread" daemon [_thread_in_native, id=26432, stack(0x0000000024bc0000,0x0000000024cc0000)]
  0x000000001cd6d800 JavaThread "pool-20-thread-1" daemon [_thread_blocked, id=26404, stack(0x0000000024ac0000,0x0000000024bc0000)]
  0x000000001cd6d000 JavaThread "ContainerBackgroundProcessor[StandardEngine[glassfish-web].StandardHost[server].StandardContext[]]" daemon [_thread_blocked, id=26384, stack(0x000000001fc60000,0x000000001fd60000)]
  0x000000001cd72000 JavaThread "pool-19-thread-1" daemon [_thread_blocked, id=26344, stack(0x00000000249c0000,0x0000000024ac0000)]
  0x000000001cd71800 JavaThread "http-listener-1-kernel(1) SelectorRunner" daemon [_thread_in_native, id=26096, stack(0x000000001e660000,0x000000001e760000)]
  0x000000001cd70800 JavaThread "http-listener-1-expirer(1)" daemon [_thread_blocked, id=26092, stack(0x000000001e560000,0x000000001e660000)]
  0x000000001cd73800 JavaThread "http-listener-1(5)" daemon [_thread_blocked, id=26088, stack(0x000000001e460000,0x000000001e560000)]
  0x000000001cd73000 JavaThread "http-listener-1(4)" daemon [_thread_blocked, id=26084, stack(0x000000001e360000,0x000000001e460000)]
  0x000000001cd6c000 JavaThread "http-listener-1(3)" daemon [_thread_blocked, id=26080, stack(0x000000001e260000,0x000000001e360000)]
  0x000000001cd6f000 JavaThread "http-listener-1(2)" daemon [_thread_blocked, id=26076, stack(0x000000001e160000,0x000000001e260000)]
  0x000000001cd64800 JavaThread "http-listener-1(1)" daemon [_thread_blocked, id=26072, stack(0x000000001e060000,0x000000001e160000)]
  0x000000001cd66000 JavaThread "pool-18-thread-1" daemon [_thread_blocked, id=26068, stack(0x0000000024cf0000,0x0000000024df0000)]
  0x000000001cd6b800 JavaThread "http-listener-2-kernel(1) SelectorRunner" daemon [_thread_in_native, id=26064, stack(0x000000001ed60000,0x000000001ee60000)]
  0x000000001cd68800 JavaThread "http-listener-2-expirer(1)" daemon [_thread_blocked, id=26060, stack(0x000000001ec60000,0x000000001ed60000)]
  0x000000001cd67000 JavaThread "http-listener-2(5)" daemon [_thread_blocked, id=26056, stack(0x000000001eb60000,0x000000001ec60000)]
  0x000000001cd67800 JavaThread "http-listener-2(4)" daemon [_thread_blocked, id=26052, stack(0x000000001ea60000,0x000000001eb60000)]
  0x000000001cd6a000 JavaThread "http-listener-2(3)" daemon [_thread_blocked, id=26048, stack(0x000000001e960000,0x000000001ea60000)]
  0x000000001cd69000 JavaThread "http-listener-2(2)" daemon [_thread_blocked, id=26044, stack(0x000000001e860000,0x000000001e960000)]
  0x000000001cd6a800 JavaThread "http-listener-2(1)" daemon [_thread_blocked, id=26040, stack(0x000000001e760000,0x000000001e860000)]
  0x000000001cd65800 JavaThread "pool-17-thread-1" daemon [_thread_blocked, id=26036, stack(0x00000000248c0000,0x00000000249c0000)]
  0x000000001d440000 JavaThread "pool-15-thread-1" daemon [_thread_blocked, id=26032, stack(0x00000000247c0000,0x00000000248c0000)]
  0x000000001d441800 JavaThread "pool-16-thread-1" daemon [_thread_blocked, id=26028, stack(0x00000000246c0000,0x00000000247c0000)]
  0x000000001d442800 JavaThread "pool-14-thread-1" daemon [_thread_blocked, id=26024, stack(0x00000000245c0000,0x00000000246c0000)]
  0x000000001d445800 JavaThread "pool-13-thread-1" daemon [_thread_blocked, id=26020, stack(0x00000000244c0000,0x00000000245c0000)]
  0x000000001d43f800 JavaThread "pool-12-thread-1" daemon [_thread_blocked, id=26016, stack(0x00000000243c0000,0x00000000244c0000)]
  0x000000001d43e000 JavaThread "pool-11-thread-1" daemon [_thread_blocked, id=26012, stack(0x00000000242c0000,0x00000000243c0000)]
  0x000000001d444800 JavaThread "pool-10-thread-1" daemon [_thread_blocked, id=26008, stack(0x00000000241c0000,0x00000000242c0000)]
  0x000000001d443000 JavaThread "pool-9-thread-1" daemon [_thread_blocked, id=26004, stack(0x00000000240c0000,0x00000000241c0000)]
  0x000000001d444000 JavaThread "RMI TCP Accept-8686" daemon [_thread_in_native, id=25996, stack(0x0000000023dc0000,0x0000000023ec0000)]
  0x000000001d441000 JavaThread "DynamicReloader" daemon [_thread_blocked, id=25984, stack(0x0000000023bc0000,0x0000000023cc0000)]
  0x000000001d436800 JavaThread "AutoDeployer" daemon [_thread_blocked, id=25980, stack(0x00000000238c0000,0x00000000239c0000)]
  0x000000001d43a000 JavaThread "pool-8-thread-1" daemon [_thread_blocked, id=25976, stack(0x00000000237c0000,0x00000000238c0000)]
  0x000000001d43c800 JavaThread "pool-7-thread-1" daemon [_thread_blocked, id=25972, stack(0x00000000236c0000,0x00000000237c0000)]
  0x000000001d43b800 JavaThread "pool-6-thread-1" daemon [_thread_blocked, id=25968, stack(0x00000000235c0000,0x00000000236c0000)]
  0x000000001d439800 JavaThread "pool-5-thread-1" daemon [_thread_blocked, id=25964, stack(0x00000000234c0000,0x00000000235c0000)]
  0x000000001d43d000 JavaThread "pool-4-thread-1" daemon [_thread_blocked, id=25960, stack(0x00000000233c0000,0x00000000234c0000)]
  0x000000001d438800 JavaThread "pool-3-thread-1" daemon [_thread_blocked, id=25956, stack(0x00000000232c0000,0x00000000233c0000)]
  0x000000001d437000 JavaThread "pool-2-thread-1" daemon [_thread_blocked, id=25952, stack(0x00000000231c0000,0x00000000232c0000)]
  0x000000001d438000 JavaThread "ContainerBackgroundProcessor[StandardEngine[glassfish-web].StandardHost[server].StandardContext[/WebApplication1]]" daemon [_thread_blocked, id=25948, stack(0x00000000230c0000,0x00000000231c0000)]
  0x000000001ae7e000 JavaThread "mysql-cj-abandoned-connection-cleanup" daemon [_thread_blocked, id=25928, stack(0x0000000021700000,0x0000000021800000)]
  0x000000001ae7f000 JavaThread "ContainerBackgroundProcessor[StandardEngine[glassfish-web]]" daemon [_thread_blocked, id=25920, stack(0x0000000020df0000,0x0000000020ef0000)]
  0x000000001ae7f800 JavaThread "deployment-jar-scanner" daemon [_thread_blocked, id=25864, stack(0x000000001f760000,0x000000001f860000)]
  0x000000001ae7a800 JavaThread "iiop-service-kernel(1) SelectorRunner" daemon [_thread_in_native, id=25860, stack(0x000000001f660000,0x000000001f760000)]
  0x000000001ae7c800 JavaThread "deployment-jar-scanner" daemon [_thread_blocked, id=25856, stack(0x000000001f560000,0x000000001f660000)]
  0x000000001ae7c000 JavaThread "admin-listener-kernel(1) SelectorRunner" daemon [_thread_in_native, id=25852, stack(0x000000001f460000,0x000000001f560000)]
  0x000000001ae73800 JavaThread "admin-listener-expirer(1)" daemon [_thread_blocked, id=25848, stack(0x000000001f360000,0x000000001f460000)]
  0x000000001ae79800 JavaThread "admin-listener(5)" daemon [_thread_blocked, id=25844, stack(0x000000001f260000,0x000000001f360000)]
  0x000000001ae79000 JavaThread "admin-listener(4)" daemon [_thread_blocked, id=25840, stack(0x000000001f160000,0x000000001f260000)]
  0x000000001ae78000 JavaThread "admin-listener(3)" daemon [_thread_in_native, id=25836, stack(0x000000001f060000,0x000000001f160000)]
  0x000000001ae77800 JavaThread "admin-listener(2)" daemon [_thread_blocked, id=25832, stack(0x000000001ef60000,0x000000001f060000)]
  0x000000001ae76800 JavaThread "admin-listener(1)" daemon [_thread_blocked, id=25828, stack(0x000000001ee60000,0x000000001ef60000)]
  0x000000001b44a000 JavaThread "transaction-manager" daemon [_thread_blocked, id=25760, stack(0x000000001dd60000,0x000000001de60000)]
  0x000000001b444000 JavaThread "Thread-10" daemon [_thread_blocked, id=25756, stack(0x000000001d9d0000,0x000000001dad0000)]
  0x00000000178db800 JavaThread "Thread-9" daemon [_thread_blocked, id=25744, stack(0x000000001d6d0000,0x000000001d7d0000)]
  0x00000000177b1800 JavaThread "Thread-8" daemon [_thread_blocked, id=25740, stack(0x000000001bc00000,0x000000001bd00000)]
  0x00000000199b8800 JavaThread "Thread-7" daemon [_thread_blocked, id=25736, stack(0x000000001b9a0000,0x000000001baa0000)]
  0x0000000018ccd000 JavaThread "pool-1-thread-1" daemon [_thread_blocked, id=25724, stack(0x000000001c400000,0x000000001c500000)]
  0x0000000019a0d800 JavaThread "RunLevelControllerThread-1697975697038" daemon [_thread_blocked, id=25720, stack(0x000000001c200000,0x000000001c300000)]
  0x000000001a917000 JavaThread "RunLevelControllerThread-1697975697038" daemon [_thread_blocked, id=25716, stack(0x000000001c100000,0x000000001c200000)]
  0x000000001abd8800 JavaThread "RunLevelControllerThread-1697975697038" daemon [_thread_blocked, id=25712, stack(0x000000001c000000,0x000000001c100000)]
  0x0000000018d7a800 JavaThread "RunLevelControllerThread-1697975697038" daemon [_thread_blocked, id=25708, stack(0x000000001bf00000,0x000000001c000000)]
  0x0000000018cce800 JavaThread "Timer-0" daemon [_thread_blocked, id=25704, stack(0x000000001bb00000,0x000000001bc00000)]
  0x00000000199ba800 JavaThread "FelixStartLevel" daemon [_thread_blocked, id=2968, stack(0x0000000017ef0000,0x0000000017ff0000)]
  0x0000000017854000 JavaThread "FelixDispatchQueue" daemon [_thread_blocked, id=23708, stack(0x0000000018330000,0x0000000018430000)]
  0x0000000016970000 JavaThread "Service Thread" daemon [_thread_blocked, id=23988, stack(0x00000000174f0000,0x00000000175f0000)]
  0x00000000168d1000 JavaThread "C1 CompilerThread3" daemon [_thread_blocked, id=11584, stack(0x00000000173f0000,0x00000000174f0000)]
  0x00000000168cb000 JavaThread "C2 CompilerThread2" daemon [_thread_in_native, id=25556, stack(0x00000000172f0000,0x00000000173f0000)]
=>0x00000000168ca000 JavaThread "C2 CompilerThread1" daemon [_thread_in_native, id=25340, stack(0x00000000171f0000,0x00000000172f0000)]
  0x00000000168c9800 JavaThread "C2 CompilerThread0" daemon [_thread_in_native, id=25336, stack(0x00000000170f0000,0x00000000171f0000)]
  0x00000000167f1000 JavaThread "Attach Listener" daemon [_thread_blocked, id=25552, stack(0x0000000016ff0000,0x00000000170f0000)]
  0x00000000167f0000 JavaThread "Signal Dispatcher" daemon [_thread_blocked, id=24516, stack(0x0000000016ef0000,0x0000000016ff0000)]
  0x00000000167e0800 JavaThread "Finalizer" daemon [_thread_blocked, id=3328, stack(0x0000000016cc0000,0x0000000016dc0000)]
  0x00000000149cc800 JavaThread "Reference Handler" daemon [_thread_blocked, id=7364, stack(0x0000000016bc0000,0x0000000016cc0000)]

Other Threads:
  0x000000000320e800 VMThread [stack: 0x00000000166c0000,0x00000000167c0000] [id=25012]
  0x00000000169e9800 WatcherThread [stack: 0x00000000175f0000,0x00000000176f0000] [id=25392]

VM state:not at safepoint (normal execution)

VM Mutex/Monitor currently owned by a thread: None

heap address: 0x00000000e0000000, size: 512 MB, Compressed Oops mode: 32-bit
Narrow klass base: 0x0000000000000000, Narrow klass shift: 3
Compressed class space size: 1073741824 Address: 0x0000000100000000

Heap:
 PSYoungGen      total 148480K, used 132203K [0x00000000f5580000, 0x0000000100000000, 0x0000000100000000)
  eden space 127488K, 87% used [0x00000000f5580000,0x00000000fc260428,0x00000000fd200000)
  from space 20992K, 98% used [0x00000000fd200000,0x00000000fe63aaa0,0x00000000fe680000)
  to   space 25088K, 0% used [0x00000000fe780000,0x00000000fe780000,0x0000000100000000)
 ParOldGen       total 178176K, used 50546K [0x00000000e0000000, 0x00000000eae00000, 0x00000000f5580000)
  object space 178176K, 28% used [0x00000000e0000000,0x00000000e315c830,0x00000000eae00000)
 Metaspace       used 67288K, capacity 74782K, committed 75032K, reserved 1114112K
  class space    used 8506K, capacity 10727K, committed 10800K, reserved 1048576K

Card table byte_map: [0x00000000125d0000,0x00000000126e0000] byte_map_base: 0x0000000011ed0000

Marking Bits: (ParMarkBitMap*) 0x0000000076965ce0
 Begin Bits: [0x0000000012ee0000, 0x00000000136e0000)
 End Bits:   [0x00000000136e0000, 0x0000000013ee0000)

Polling page: 0x0000000001560000

CodeCache: size=245760Kb used=20641Kb max_used=21094Kb free=225118Kb
 bounds [0x0000000003210000, 0x00000000046e0000, 0x0000000012210000]
 total_blobs=6382 nmethods=5849 adapters=445
 compilation: enabled

Compilation events (10 events):
Event: 15.134 Thread 0x00000000168d1000 7521       1       org.glassfish.grizzly.filterchain.FilterChainContext$TransportContext::isBlocking (5 bytes)
Event: 15.134 Thread 0x00000000168d1000 nmethod 7521 0x00000000038b4d10 code [0x00000000038b4e60, 0x00000000038b4f70]
Event: 15.134 Thread 0x00000000168d1000 7522       2       org.glassfish.grizzly.memory.HeapBuffer::order (6 bytes)
Event: 15.134 Thread 0x00000000168d1000 nmethod 7522 0x00000000038b4990 code [0x00000000038b4ae0, 0x00000000038b4c70]
Event: 15.134 Thread 0x00000000168d1000 7523       2       org.glassfish.grizzly.memory.HeapBuffer::order (26 bytes)
Event: 15.135 Thread 0x00000000168d1000 nmethod 7523 0x00000000038b4610 code [0x00000000038b4760, 0x00000000038b48f0]
Event: 15.135 Thread 0x00000000168d1000 7524       2       org.glassfish.grizzly.attributes.UnsafeAttributeHolder$Holder::access$400 (6 bytes)
Event: 15.135 Thread 0x00000000168d1000 nmethod 7524 0x00000000038b4250 code [0x00000000038b43a0, 0x00000000038b4510]
Event: 15.135 Thread 0x00000000168d1000 7525       2       org.glassfish.grizzly.attributes.UnsafeAttributeHolder$Holder::copyFrom (25 bytes)
Event: 15.135 Thread 0x00000000168d1000 nmethod 7525 0x00000000038b3ed0 code [0x00000000038b4020, 0x00000000038b41b0]

GC Heap History (10 events):
Event: 13.662 GC heap before
{Heap before GC invocations=12 (full 2):
 PSYoungGen      total 152064K, used 142036K [0x00000000f5580000, 0x00000000fff80000, 0x0000000100000000)
  eden space 129536K, 100% used [0x00000000f5580000,0x00000000fd400000,0x00000000fd400000)
  from space 22528K, 55% used [0x00000000fd400000,0x00000000fe035328,0x00000000fea00000)
  to   space 22016K, 0% used [0x00000000fea00000,0x00000000fea00000,0x00000000fff80000)
 ParOldGen       total 144384K, used 33125K [0x00000000e0000000, 0x00000000e8d00000, 0x00000000f5580000)
  object space 144384K, 22% used [0x00000000e0000000,0x00000000e2059790,0x00000000e8d00000)
 Metaspace       used 52984K, capacity 58242K, committed 58408K, reserved 1099776K
  class space    used 6383K, capacity 7908K, committed 7984K, reserved 1048576K
Event: 13.673 GC heap after
Heap after GC invocations=12 (full 2):
 PSYoungGen      total 152064K, used 17095K [0x00000000f5580000, 0x00000000fff80000, 0x0000000100000000)
  eden space 130048K, 0% used [0x00000000f5580000,0x00000000f5580000,0x00000000fd480000)
  from space 22016K, 77% used [0x00000000fea00000,0x00000000ffab1d78,0x00000000fff80000)
  to   space 22016K, 0% used [0x00000000fd480000,0x00000000fd480000,0x00000000fea00000)
 ParOldGen       total 144384K, used 33133K [0x00000000e0000000, 0x00000000e8d00000, 0x00000000f5580000)
  object space 144384K, 22% used [0x00000000e0000000,0x00000000e205b790,0x00000000e8d00000)
 Metaspace       used 52984K, capacity 58242K, committed 58408K, reserved 1099776K
  class space    used 6383K, capacity 7908K, committed 7984K, reserved 1048576K
}
Event: 13.718 GC heap before
{Heap before GC invocations=13 (full 2):
 PSYoungGen      total 152064K, used 39797K [0x00000000f5580000, 0x00000000fff80000, 0x0000000100000000)
  eden space 130048K, 17% used [0x00000000f5580000,0x00000000f6bab830,0x00000000fd480000)
  from space 22016K, 77% used [0x00000000fea00000,0x00000000ffab1d78,0x00000000fff80000)
  to   space 22016K, 0% used [0x00000000fd480000,0x00000000fd480000,0x00000000fea00000)
 ParOldGen       total 144384K, used 33133K [0x00000000e0000000, 0x00000000e8d00000, 0x00000000f5580000)
  object space 144384K, 22% used [0x00000000e0000000,0x00000000e205b790,0x00000000e8d00000)
 Metaspace       used 53541K, capacity 58920K, committed 59160K, reserved 1099776K
  class space    used 6427K, capacity 7958K, committed 7984K, reserved 1048576K
Event: 13.731 GC heap after
Heap after GC invocations=13 (full 2):
 PSYoungGen      total 152064K, used 21995K [0x00000000f5580000, 0x0000000100000000, 0x0000000100000000)
  eden space 130048K, 0% used [0x00000000f5580000,0x00000000f5580000,0x00000000fd480000)
  from space 22016K, 99% used [0x00000000fd480000,0x00000000fe9fae60,0x00000000fea00000)
  to   space 22528K, 0% used [0x00000000fea00000,0x00000000fea00000,0x0000000100000000)
 ParOldGen       total 144384K, used 34218K [0x00000000e0000000, 0x00000000e8d00000, 0x00000000f5580000)
  object space 144384K, 23% used [0x00000000e0000000,0x00000000e216a858,0x00000000e8d00000)
 Metaspace       used 53541K, capacity 58920K, committed 59160K, reserved 1099776K
  class space    used 6427K, capacity 7958K, committed 7984K, reserved 1048576K
}
Event: 13.731 GC heap before
{Heap before GC invocations=14 (full 3):
 PSYoungGen      total 152064K, used 21995K [0x00000000f5580000, 0x0000000100000000, 0x0000000100000000)
  eden space 130048K, 0% used [0x00000000f5580000,0x00000000f5580000,0x00000000fd480000)
  from space 22016K, 99% used [0x00000000fd480000,0x00000000fe9fae60,0x00000000fea00000)
  to   space 22528K, 0% used [0x00000000fea00000,0x00000000fea00000,0x0000000100000000)
 ParOldGen       total 144384K, used 34218K [0x00000000e0000000, 0x00000000e8d00000, 0x00000000f5580000)
  object space 144384K, 23% used [0x00000000e0000000,0x00000000e216a858,0x00000000e8d00000)
 Metaspace       used 53541K, capacity 58920K, committed 59160K, reserved 1099776K
  class space    used 6427K, capacity 7958K, committed 7984K, reserved 1048576K
Event: 13.924 GC heap after
Heap after GC invocations=14 (full 3):
 PSYoungGen      total 152064K, used 0K [0x00000000f5580000, 0x0000000100000000, 0x0000000100000000)
  eden space 130048K, 0% used [0x00000000f5580000,0x00000000f5580000,0x00000000fd480000)
  from space 22016K, 0% used [0x00000000fd480000,0x00000000fd480000,0x00000000fea00000)
  to   space 22528K, 0% used [0x00000000fea00000,0x00000000fea00000,0x0000000100000000)
 ParOldGen       total 178176K, used 50538K [0x00000000e0000000, 0x00000000eae00000, 0x00000000f5580000)
  object space 178176K, 28% used [0x00000000e0000000,0x00000000e315a830,0x00000000eae00000)
 Metaspace       used 53538K, capacity 58914K, committed 59160K, reserved 1099776K
  class space    used 6427K, capacity 7956K, committed 7984K, reserved 1048576K
}
Event: 14.293 GC heap before
{Heap before GC invocations=15 (full 3):
 PSYoungGen      total 152064K, used 130048K [0x00000000f5580000, 0x0000000100000000, 0x0000000100000000)
  eden space 130048K, 100% used [0x00000000f5580000,0x00000000fd480000,0x00000000fd480000)
  from space 22016K, 0% used [0x00000000fd480000,0x00000000fd480000,0x00000000fea00000)
  to   space 22528K, 0% used [0x00000000fea00000,0x00000000fea00000,0x0000000100000000)
 ParOldGen       total 178176K, used 50538K [0x00000000e0000000, 0x00000000eae00000, 0x00000000f5580000)
  object space 178176K, 28% used [0x00000000e0000000,0x00000000e315a830,0x00000000eae00000)
 Metaspace       used 59676K, capacity 65654K, committed 65944K, reserved 1105920K
  class space    used 7537K, capacity 9316K, committed 9392K, reserved 1048576K
Event: 14.306 GC heap after
Heap after GC invocations=15 (full 3):
 PSYoungGen      total 150016K, used 15198K [0x00000000f5580000, 0x0000000100000000, 0x0000000100000000)
  eden space 127488K, 0% used [0x00000000f5580000,0x00000000f5580000,0x00000000fd200000)
  from space 22528K, 67% used [0x00000000fea00000,0x00000000ff8d78d0,0x0000000100000000)
  to   space 23552K, 0% used [0x00000000fd200000,0x00000000fd200000,0x00000000fe900000)
 ParOldGen       total 178176K, used 50538K [0x00000000e0000000, 0x00000000eae00000, 0x00000000f5580000)
  object space 178176K, 28% used [0x00000000e0000000,0x00000000e315a830,0x00000000eae00000)
 Metaspace       used 59676K, capacity 65654K, committed 65944K, reserved 1105920K
  class space    used 7537K, capacity 9316K, committed 9392K, reserved 1048576K
}
Event: 14.658 GC heap before
{Heap before GC invocations=16 (full 3):
 PSYoungGen      total 150016K, used 142686K [0x00000000f5580000, 0x0000000100000000, 0x0000000100000000)
  eden space 127488K, 100% used [0x00000000f5580000,0x00000000fd200000,0x00000000fd200000)
  from space 22528K, 67% used [0x00000000fea00000,0x00000000ff8d78d0,0x0000000100000000)
  to   space 23552K, 0% used [0x00000000fd200000,0x00000000fd200000,0x00000000fe900000)
 ParOldGen       total 178176K, used 50538K [0x00000000e0000000, 0x00000000eae00000, 0x00000000f5580000)
  object space 178176K, 28% used [0x00000000e0000000,0x00000000e315a830,0x00000000eae00000)
 Metaspace       used 65051K, capacity 71680K, committed 71960K, reserved 1112064K
  class space    used 8224K, capacity 10200K, committed 10288K, reserved 1048576K
Event: 14.667 GC heap after
Heap after GC invocations=16 (full 3):
 PSYoungGen      total 148480K, used 20714K [0x00000000f5580000, 0x0000000100000000, 0x0000000100000000)
  eden space 127488K, 0% used [0x00000000f5580000,0x00000000f5580000,0x00000000fd200000)
  from space 20992K, 98% used [0x00000000fd200000,0x00000000fe63aaa0,0x00000000fe680000)
  to   space 25088K, 0% used [0x00000000fe780000,0x00000000fe780000,0x0000000100000000)
 ParOldGen       total 178176K, used 50546K [0x00000000e0000000, 0x00000000eae00000, 0x00000000f5580000)
  object space 178176K, 28% used [0x00000000e0000000,0x00000000e315c830,0x00000000eae00000)
 Metaspace       used 65051K, capacity 71680K, committed 71960K, reserved 1112064K
  class space    used 8224K, capacity 10200K, committed 10288K, reserved 1048576K
}

Deoptimization events (10 events):
Event: 14.800 Thread 0x000000001ae76800 Uncommon trap: reason=unstable_if action=reinterpret pc=0x0000000004436208 method=com.sun.org.apache.xerces.internal.parsers.AbstractDOMParser.startElement(Lcom/sun/org/apache/xerces/internal/xni/QName;Lcom/sun/org/apache/xerces/internal/xni/XMLAttributes
Event: 14.801 Thread 0x000000001ae76800 Uncommon trap: reason=unloaded action=reinterpret pc=0x00000000043e3db0 method=com.sun.org.apache.xerces.internal.dom.DeferredDocumentImpl.getNodeObject(I)Lcom/sun/org/apache/xerces/internal/dom/DeferredNode; @ 225
Event: 14.802 Thread 0x000000001ae76800 Uncommon trap: reason=unstable_if action=reinterpret pc=0x00000000041d0618 method=com.sun.org.apache.xerces.internal.dom.DeferredDocumentImpl.clearChunkValue([[Ljava/lang/Object;II)Ljava/lang/String; @ 3
Event: 14.802 Thread 0x000000001ae76800 Uncommon trap: reason=unstable_if action=reinterpret pc=0x00000000040d1ff8 method=com.sun.org.apache.xerces.internal.dom.DeferredDocumentImpl.clearChunkValue([[Ljava/lang/Object;II)Ljava/lang/String; @ 3
Event: 14.802 Thread 0x000000001ae76800 Uncommon trap: reason=unstable_if action=reinterpret pc=0x00000000041d0164 method=com.sun.org.apache.xerces.internal.dom.DeferredDocumentImpl.getTypeInfo(I)Ljava/lang/Object; @ 43
Event: 14.803 Thread 0x000000001ae76800 Uncommon trap: reason=unstable_if action=reinterpret pc=0x00000000041d51e0 method=com.sun.org.apache.xerces.internal.dom.NodeImpl.isOwned(Z)V @ 2
Event: 14.862 Thread 0x000000001c577800 Uncommon trap: reason=unstable_if action=reinterpret pc=0x000000000388c408 method=java.util.regex.Pattern$Curly.match(Ljava/util/regex/Matcher;ILjava/lang/CharSequence;)Z @ 45
Event: 15.076 Thread 0x000000001ae79000 Uncommon trap: reason=speculate_class_check action=maybe_recompile pc=0x0000000003312804 method=java.util.AbstractList.listIterator()Ljava/util/ListIterator; @ 2
Event: 15.111 Thread 0x0000000026fb0800 Uncommon trap: reason=unstable_if action=reinterpret pc=0x0000000003ddfe6c method=java.util.concurrent.locks.ReentrantReadWriteLock$Sync.tryReleaseShared(I)Z @ 130
Event: 15.124 Thread 0x0000000026fac000 Uncommon trap: reason=unstable_if action=reinterpret pc=0x0000000003b10ea0 method=java.util.concurrent.locks.ReentrantReadWriteLock$Sync.tryReleaseShared(I)Z @ 130

Classes redefined (0 events):
No events

Internal exceptions (10 events):
Event: 15.051 Thread 0x000000001ae76800 Exception <a 'java/security/PrivilegedActionException'> (0x00000000fba83e68) thrown at [C:\re\workspace\8-2-build-windows-amd64-cygwin\jdk8u202\12323\hotspot\src\share\vm\prims\jvm.cpp, line 1502]
Event: 15.051 Thread 0x000000001ae76800 Exception <a 'java/security/PrivilegedActionException'> (0x00000000fba85778) thrown at [C:\re\workspace\8-2-build-windows-amd64-cygwin\jdk8u202\12323\hotspot\src\share\vm\prims\jvm.cpp, line 1502]
Event: 15.051 Thread 0x000000001ae76800 Exception <a 'java/security/PrivilegedActionException'> (0x00000000fba87060) thrown at [C:\re\workspace\8-2-build-windows-amd64-cygwin\jdk8u202\12323\hotspot\src\share\vm\prims\jvm.cpp, line 1502]
Event: 15.051 Thread 0x000000001ae76800 Exception <a 'java/security/PrivilegedActionException'> (0x00000000fba889d8) thrown at [C:\re\workspace\8-2-build-windows-amd64-cygwin\jdk8u202\12323\hotspot\src\share\vm\prims\jvm.cpp, line 1502]
Event: 15.051 Thread 0x000000001ae76800 Exception <a 'java/security/PrivilegedActionException'> (0x00000000fba8a2e0) thrown at [C:\re\workspace\8-2-build-windows-amd64-cygwin\jdk8u202\12323\hotspot\src\share\vm\prims\jvm.cpp, line 1502]
Event: 15.073 Thread 0x000000001ae79000 Exception <a 'java/lang/reflect/InvocationTargetException'> (0x00000000f5766058) thrown at [C:\re\workspace\8-2-build-windows-amd64-cygwin\jdk8u202\12323\hotspot\src\share\vm\runtime\reflection.cpp, line 1092]
Event: 15.079 Thread 0x000000001ae79800 Exception <a 'java/lang/IllegalArgumentException': argument type mismatch> (0x00000000fbbd9f60) thrown at [C:\re\workspace\8-2-build-windows-amd64-cygwin\jdk8u202\12323\hotspot\src\share\vm\runtime\reflection.cpp, line 201]
Event: 15.079 Thread 0x000000001ae79800 Exception <a 'java/lang/IllegalArgumentException': argument type mismatch> (0x00000000fbbdaac8) thrown at [C:\re\workspace\8-2-build-windows-amd64-cygwin\jdk8u202\12323\hotspot\src\share\vm\runtime\reflection.cpp, line 201]
Event: 15.080 Thread 0x000000001ae79800 Exception <a 'java/lang/NullPointerException'> (0x00000000fbbf0218) thrown at [C:\re\workspace\8-2-build-windows-amd64-cygwin\jdk8u202\12323\hotspot\src\share\vm\prims\jni.cpp, line 736]
Event: 15.130 Thread 0x0000000026fac000 Exception <a 'java/io/IOException'> (0x00000000fc0ed5a8) thrown at [C:\re\workspace\8-2-build-windows-amd64-cygwin\jdk8u202\12323\hotspot\src\share\vm\prims\jni.cpp, line 710]

Events (10 events):
Event: 15.118 loading class org/apache/catalina/valves/LocalStrings done
Event: 15.118 loading class org/apache/catalina/valves/LocalStrings_es
Event: 15.118 loading class org/apache/catalina/valves/LocalStrings_es done
Event: 15.120 loading class org/apache/catalina/valves/LocalStrings_es_CO
Event: 15.120 loading class org/apache/catalina/valves/LocalStrings_es_CO done
Event: 15.121 Executing VM operation: RevokeBias
Event: 15.122 Executing VM operation: RevokeBias done
Event: 15.124 Thread 0x0000000026fac000 Uncommon trap: trap_request=0xffffff65 fr.pc=0x0000000003b10ea0
Event: 15.124 Thread 0x0000000026fac000 DEOPT PACKING pc=0x0000000003b10ea0 sp=0x000000002914e3a0
Event: 15.124 Thread 0x0000000026fac000 DEOPT UNPACKING pc=0x000000000325583b sp=0x000000002914e320 mode 2


Dynamic libraries:
0x00007ff6766b0000 - 0x00007ff6766e7000 	C:\Program Files\Java\jdk1.8.0_202\bin\java.exe
0x00007fffe4b00000 - 0x00007fffe4d09000 	C:\WINDOWS\SYSTEM32\ntdll.dll
0x00007fffe3200000 - 0x00007fffe32be000 	C:\WINDOWS\System32\KERNEL32.DLL
0x00007fffe1f90000 - 0x00007fffe2314000 	C:\WINDOWS\System32\KERNELBASE.dll
0x00007fffe49a0000 - 0x00007fffe4a4f000 	C:\WINDOWS\System32\ADVAPI32.dll
0x00007fffe2fb0000 - 0x00007fffe3053000 	C:\WINDOWS\System32\msvcrt.dll
0x00007fffe2950000 - 0x00007fffe29ee000 	C:\WINDOWS\System32\sechost.dll
0x00007fffe3ac0000 - 0x00007fffe3be1000 	C:\WINDOWS\System32\RPCRT4.dll
0x00007fffe3780000 - 0x00007fffe392d000 	C:\WINDOWS\System32\USER32.dll
0x00007fffe26e0000 - 0x00007fffe2706000 	C:\WINDOWS\System32\win32u.dll
0x00007fffe3a90000 - 0x00007fffe3aba000 	C:\WINDOWS\System32\GDI32.dll
0x00007fffe2830000 - 0x00007fffe294f000 	C:\WINDOWS\System32\gdi32full.dll
0x00007fffe2410000 - 0x00007fffe24ad000 	C:\WINDOWS\System32\msvcp_win.dll
0x00007fffe2710000 - 0x00007fffe2821000 	C:\WINDOWS\System32\ucrtbase.dll
0x00007fffd0460000 - 0x00007fffd0705000 	C:\WINDOWS\WinSxS\amd64_microsoft.windows.common-controls_6595b64144ccf1df_6.0.22000.120_none_9d947278b86cc467\COMCTL32.dll
0x00007fffe3740000 - 0x00007fffe3771000 	C:\WINDOWS\System32\IMM32.DLL
0x0000000076060000 - 0x0000000076132000 	C:\Program Files\Java\jdk1.8.0_202\jre\bin\msvcr100.dll
0x0000000076140000 - 0x00000000769e5000 	C:\Program Files\Java\jdk1.8.0_202\jre\bin\server\jvm.dll
0x00007fffe2ac0000 - 0x00007fffe2ac8000 	C:\WINDOWS\System32\PSAPI.DLL
0x00007fffdc3e0000 - 0x00007fffdc413000 	C:\WINDOWS\SYSTEM32\WINMM.dll
0x00007fffd8900000 - 0x00007fffd8909000 	C:\WINDOWS\SYSTEM32\WSOCK32.dll
0x00007fffdc1f0000 - 0x00007fffdc1fa000 	C:\WINDOWS\SYSTEM32\VERSION.dll
0x00007fffe2ad0000 - 0x00007fffe2b3f000 	C:\WINDOWS\System32\WS2_32.dll
0x00007fffde9c0000 - 0x00007fffde9cf000 	C:\Program Files\Java\jdk1.8.0_202\jre\bin\verify.dll
0x00007fffa8490000 - 0x00007fffa84b9000 	C:\Program Files\Java\jdk1.8.0_202\jre\bin\java.dll
0x00007fffc4cf0000 - 0x00007fffc4d13000 	C:\Program Files\Java\jdk1.8.0_202\jre\bin\instrument.dll
0x00007fffd4bc0000 - 0x00007fffd4bd6000 	C:\Program Files\Java\jdk1.8.0_202\jre\bin\zip.dll
0x00007fffe3f80000 - 0x00007fffe4745000 	C:\WINDOWS\System32\SHELL32.dll
0x00007fffdfe50000 - 0x00007fffe06b2000 	C:\WINDOWS\SYSTEM32\windows.storage.dll
0x00007fffe2c30000 - 0x00007fffe2fa6000 	C:\WINDOWS\System32\combase.dll
0x00007fffdfc30000 - 0x00007fffdfd97000 	C:\WINDOWS\SYSTEM32\wintypes.dll
0x00007fffe3930000 - 0x00007fffe3a1a000 	C:\WINDOWS\System32\SHCORE.dll
0x00007fffe3a20000 - 0x00007fffe3a7d000 	C:\WINDOWS\System32\shlwapi.dll
0x00007fffe1ec0000 - 0x00007fffe1ee5000 	C:\WINDOWS\SYSTEM32\profapi.dll
0x00007fffe16f0000 - 0x00007fffe1708000 	C:\WINDOWS\SYSTEM32\CRYPTSP.dll
0x00007fffe0e40000 - 0x00007fffe0e75000 	C:\WINDOWS\system32\rsaenh.dll
0x00007fffe15a0000 - 0x00007fffe15cc000 	C:\WINDOWS\SYSTEM32\USERENV.dll
0x00007fffe18e0000 - 0x00007fffe1907000 	C:\WINDOWS\SYSTEM32\bcrypt.dll
0x00007fffe2320000 - 0x00007fffe239f000 	C:\WINDOWS\System32\bcryptprimitives.dll
0x00007fffe1710000 - 0x00007fffe171c000 	C:\WINDOWS\SYSTEM32\CRYPTBASE.dll
0x00007fffc7440000 - 0x00007fffc745a000 	C:\Program Files\Java\jdk1.8.0_202\jre\bin\net.dll
0x00007fffdb550000 - 0x00007fffdb73f000 	C:\WINDOWS\SYSTEM32\urlmon.dll
0x00007fffe0ac0000 - 0x00007fffe0ae9000 	C:\WINDOWS\SYSTEM32\srvcli.dll
0x00007fffdb260000 - 0x00007fffdb51e000 	C:\WINDOWS\SYSTEM32\iertutil.dll
0x00007fffe0af0000 - 0x00007fffe0afc000 	C:\WINDOWS\SYSTEM32\netutils.dll
0x00007fffe14b0000 - 0x00007fffe1517000 	C:\WINDOWS\system32\mswsock.dll
0x00007fffe0810000 - 0x00007fffe083d000 	C:\WINDOWS\SYSTEM32\IPHLPAPI.DLL
0x00007fffe3a80000 - 0x00007fffe3a89000 	C:\WINDOWS\System32\NSI.dll
0x00007fffdd050000 - 0x00007fffdd069000 	C:\WINDOWS\SYSTEM32\dhcpcsvc6.DLL
0x00007fffdd190000 - 0x00007fffdd1ae000 	C:\WINDOWS\SYSTEM32\dhcpcsvc.DLL
0x00007fffe0840000 - 0x00007fffe0927000 	C:\WINDOWS\SYSTEM32\DNSAPI.dll
0x00007fffa8470000 - 0x00007fffa8482000 	C:\Program Files\Java\jdk1.8.0_202\jre\bin\nio.dll
0x00007fffd2a40000 - 0x00007fffd2a57000 	C:\WINDOWS\system32\napinsp.dll
0x00007fffd4880000 - 0x00007fffd489b000 	C:\WINDOWS\system32\pnrpnsp.dll
0x00007fffd0a70000 - 0x00007fffd0a82000 	C:\WINDOWS\System32\winrnr.dll
0x00007fffdb070000 - 0x00007fffdb085000 	C:\WINDOWS\system32\wshbth.dll
0x00007fffd0a50000 - 0x00007fffd0a6f000 	C:\WINDOWS\system32\nlansp_c.dll
0x00007fffdba70000 - 0x00007fffdba7a000 	C:\Windows\System32\rasadhlp.dll
0x00007fffdd1b0000 - 0x00007fffdd232000 	C:\WINDOWS\System32\fwpuclnt.dll
0x00007fffde970000 - 0x00007fffde97d000 	C:\Program Files\Java\jdk1.8.0_202\jre\bin\management.dll
0x00007fff902c0000 - 0x00007fff902e4000 	C:\Program Files\Java\jdk1.8.0_202\jre\bin\sunec.dll
0x00007fff8e890000 - 0x00007fff8ea29000 	C:\Program Files\Java\jdk1.8.0_202\jre\bin\awt.dll
0x00007fffe3ea0000 - 0x00007fffe3f76000 	C:\WINDOWS\System32\OLEAUT32.dll
0x00007fffdf1c0000 - 0x00007fffdf252000 	C:\WINDOWS\SYSTEM32\apphelp.dll

VM Arguments:
jvm_args: -XX:MaxPermSize=192m -Djava.awt.headless=true -Djdk.corba.allowOutputStreamSubclass=true -Djavax.xml.accessExternalSchema=all -Djavax.management.builder.initial=com.sun.enterprise.v3.admin.AppServerMBeanServerBuilder -XX:+UnlockDiagnosticVMOptions -Djava.endorsed.dirs=C:\Users\SENA\Documents\NetBeansProjects\Recursos\glassfish-4.1.2-web\glassfish4\glassfish/modules/endorsed;C:\Users\SENA\Documents\NetBeansProjects\Recursos\glassfish-4.1.2-web\glassfish4\glassfish/lib/endorsed -Djava.security.policy=C:\Users\SENA\Documents\NetBeansProjects\Recursos\glassfish-4.1.2-web\glassfish4\glassfish\domains\domain1/config/server.policy -Djava.security.auth.login.config=C:\Users\SENA\Documents\NetBeansProjects\Recursos\glassfish-4.1.2-web\glassfish4\glassfish\domains\domain1/config/login.conf -Dcom.sun.enterprise.security.httpsOutboundKeyAlias=s1as -Xmx512m -Djavax.net.ssl.keyStore=C:\Users\SENA\Documents\NetBeansProjects\Recursos\glassfish-4.1.2-web\glassfish4\glassfish\domains\domain1/config/keystore.jks -Djavax.net.ssl.trustStore=C:\Users\SENA\Documents\NetBeansProjects\Recursos\glassfish-4.1.2-web\glassfish4\glassfish\domains\domain1/config/cacerts.jks -Djava.ext.dirs=C:\Program Files\Java\jdk1.8.0_202/lib/ext;C:\Program Files\Java\jdk1.8.0_202/jre/lib/ext;C:\Users\SENA\Documents\NetBeansProjects\Recursos\glassfish-4.1.2-web\glassfish4\glassfish\domains\domain1/lib/ext -Djdbc.drivers=org.apache.derby.jdbc.ClientDriver -DANTLR_USE_DIRECT_CLASS_LOADING=true -Dcom.sun.enterprise.config.config_environment_factory_class=com.sun.enterprise.config.serverbeans.AppserverConfigEnvironmentFactory -Dorg.glassfish.additionalOSGiBundlesToStart=org.apache.felix.shell,org.apache.felix.gogo.runtime,org.apache.felix.gogo.shell,org.apache.felix.gogo.command,org.apache.felix.shell.remote,org.apache.felix.fileinstall -Dosgi.shell.telnet.port=6666 -Dosgi.shell.telnet.maxconn=1 -Dosgi.shell.telnet.ip=127.0.0.1 -Dgosh.args=--nointeractive -Dfelix.fileinstall.dir=C:\Users\SENA\Documents\NetBeansProjects\Recursos\glassfish-4.1.2-web\glassfish4\glassfish/modules/autostart/ -Dfelix.fileinstall.poll=5000 -Dfelix.fileinstall.log.level=2 -Dfelix.fileinstall.bundles.new.start=true -Dfelix.fileinstall.bundles.startTransient=true -Dfelix.fileinstall.disableConfigSave=false -XX:NewRatio=2 -Dcom.ctc.wstx.returnNullForDefaultNamespace=true -javaagent:C:\Users\SENA\Documents\NetBeansProjects\Recursos\glassfish-4.1.2-web\glassfish4\glassfish\lib\monitor\flashlight-agent.jar -Dcom.sun.aas.derbyRoot=C:\Users\SENA\Documents\NetBeansProjects\Recursos\glassfish-4.1.2-web\glassfish4\javadb -Dcom.sun.aas.instanceRoot=C:\Users\SENA\Documents\NetBeansProjects\Recursos\glassfish-4.1.2-web\glassfish4\glassfish\domains\domain1 -Dcom.sun.aas.installRoot=C:\Users\SENA\Documents\NetBeansProjects\Recursos\glassfish-4.1.2-web\glassfish4\glassfish -Dcom.sun.aas.javaRoot=C:\Program Files\Java\jdk1.8.0_202 
java_command: com.sun.enterprise.glassfish.bootstrap.ASMain --domain domain1 --domaindir C:\Users\SENA\Documents\NetBeansProjects\Recursos\glassfish-4.1.2-web\glassfish4\glassfish\domains\domain1
java_class_path (initial): C:\Users\SENA\Documents\NetBeansProjects\Recursos\glassfish-4.1.2-web\glassfish4\glassfish\modules\glassfish.jar;C:\Users\SENA\Documents\NetBeansProjects\Recursos\glassfish-4.1.2-web\glassfish4\glassfish\lib\monitor\flashlight-agent.jar
Launcher Type: SUN_STANDARD

Environment Variables:
JAVA_HOME=C:\Program Files\Java\jdk1.8.0_202
PATH=C:\Program Files (x86)\Common Files\Oracle\Java\javapath;C:\Program Files\Microsoft\jdk-11.0.16.101-hotspot\bin;C:\WINDOWS\system32;C:\WINDOWS;C:\WINDOWS\System32\Wbem;C:\WINDOWS\System32\WindowsPowerShell\v1.0\;C:\WINDOWS\System32\OpenSSH\;C:\xampp\php;C:\Program Files\nodejs\;C:\Program Files\Microsoft SQL Server\150\Tools\Binn\;C:\xampp1\php;C:\ProgramData\ComposerSetup\bin;C:\Program Files\dotnet\;C:\Program Files\Microsoft SQL Server\Client SDK\ODBC\170\Tools\Binn\;C:\Program Files\Git\cmd;C:\dev\flutter\bin;C:\xampp2\php;C:\Program Files (x86)\Microsoft SQL Server\160\DTS\Binn\;C:\Program Files\Azure Data Studio\bin;C:\Users\SENA\AppData\Local\Programs\Python\Python310\Scripts\;C:\Users\SENA\AppData\Local\Programs\Python\Python310\;C:\Program Files\MySQL\MySQL Shell 8.0\bin\;C:\Users\SENA\AppData\Local\Microsoft\WindowsApps;C:\xampp\php;C:\Users\SENA\AppData\Roaming\npm;C:\Users\SENA\AppData\Roaming\Composer\vendor\bin;C:\Users\SENA\.dotnet\tools;C:\dev\flutter\bin;C:\Users\SENA\AppData\Local\GitHubDesktop\bin;C:\Program Files\Azure Data Studio\bin;C:\Users\SENA\AppData\Local\Programs\Microsoft VS Code\bin
USERNAME=SENA
OS=Windows_NT
PROCESSOR_IDENTIFIER=Intel64 Family 6 Model 158 Stepping 13, GenuineIntel



---------------  S Y S T E M  ---------------

OS: Windows 10.0 , 64 bit Build 22000 (10.0.22000.2124)

CPU:total 8 (initial active 8) (8 cores per cpu, 1 threads per core) family 6 model 158 stepping 13, cmov, cx8, fxsr, mmx, sse, sse2, sse3, ssse3, sse4.1, sse4.2, popcnt, avx, avx2, aes, clmul, erms, 3dnowpref, lzcnt, tsc, tscinvbit, bmi1, bmi2, adx

Memory: 4k page, physical 16570172k(2605052k free), swap 16570172k(6148k free)

vm_info: Java HotSpot(TM) 64-Bit Server VM (25.202-b08) for windows-amd64 JRE (1.8.0_202-b08), built on Dec 15 2018 19:54:30 by "java_re" with MS VC++ 10.0 (VS2010)

time: Sun Oct 22 06:55:06 2023
timezone: Hora est. Pacífico, Sudamérica
elapsed time: 15 seconds (0d 0h 0m 15s)

